2025-04-30T21:43:14.825+03:00  INFO 41420 --- [BugAndResolution] [restartedMain] c.B.B.BugAndResolutionApplication        : Starting BugAndResolutionApplication using Java 21.0.6 with PID 41420 (/home/mo5tar/Github/wasfa/server/target/classes started by mo5tar in /home/mo5tar/Github/wasfa)
2025-04-30T21:43:14.825+03:00 DEBUG 41420 --- [BugAndResolution] [restartedMain] c.B.B.BugAndResolutionApplication        : Running with Spring Boot v3.4.4, Spring v6.2.5
2025-04-30T21:43:14.825+03:00  INFO 41420 --- [BugAndResolution] [restartedMain] c.B.B.BugAndResolutionApplication        : No active profile set, falling back to 1 default profile: "default"
2025-04-30T21:43:15.051+03:00  INFO 41420 --- [BugAndResolution] [restartedMain] .s.d.r.c.RepositoryConfigurationDelegate : Bootstrapping Spring Data JPA repositories in DEFAULT mode.
2025-04-30T21:43:15.067+03:00  INFO 41420 --- [BugAndResolution] [restartedMain] .s.d.r.c.RepositoryConfigurationDelegate : Finished Spring Data repository scanning in 15 ms. Found 4 JPA repository interfaces.
2025-04-30T21:43:15.261+03:00  INFO 41420 --- [BugAndResolution] [restartedMain] o.s.b.w.embedded.tomcat.TomcatWebServer  : Tomcat initialized with port 8080 (http)
2025-04-30T21:43:15.271+03:00  INFO 41420 --- [BugAndResolution] [restartedMain] w.s.c.ServletWebServerApplicationContext : Root WebApplicationContext: initialization completed in 444 ms
2025-04-30T21:43:15.357+03:00  INFO 41420 --- [BugAndResolution] [restartedMain] o.hibernate.jpa.internal.util.LogHelper  : HHH000204: Processing PersistenceUnitInfo [name: default]
2025-04-30T21:43:15.359+03:00  INFO 41420 --- [BugAndResolution] [restartedMain] o.h.c.internal.RegionFactoryInitiator    : HHH000026: Second-level cache disabled
2025-04-30T21:43:15.367+03:00  INFO 41420 --- [BugAndResolution] [restartedMain] o.s.o.j.p.SpringPersistenceUnitInfo      : No LoadTimeWeaver setup: ignoring JPA class transformer
2025-04-30T21:43:15.367+03:00  INFO 41420 --- [BugAndResolution] [restartedMain] com.zaxxer.hikari.HikariDataSource       : HikariPool-2 - Starting...
2025-04-30T21:43:15.370+03:00  INFO 41420 --- [BugAndResolution] [restartedMain] com.zaxxer.hikari.pool.HikariPool        : HikariPool-2 - Added connection org.mariadb.jdbc.Connection@2a127958
2025-04-30T21:43:15.370+03:00  INFO 41420 --- [BugAndResolution] [restartedMain] com.zaxxer.hikari.HikariDataSource       : HikariPool-2 - Start completed.
2025-04-30T21:43:15.371+03:00  INFO 41420 --- [BugAndResolution] [restartedMain] org.hibernate.orm.connections.pooling    : HHH10001005: Database info:
	Database JDBC URL [Connecting through datasource 'HikariDataSource (HikariPool-2)']
	Database driver: undefined/unknown
	Database version: 11.3.2
	Autocommit mode: undefined/unknown
	Isolation level: undefined/unknown
	Minimum pool size: undefined/unknown
	Maximum pool size: undefined/unknown
2025-04-30T21:43:15.536+03:00  INFO 41420 --- [BugAndResolution] [restartedMain] o.h.e.t.j.p.i.JtaPlatformInitiator       : HHH000489: No JTA platform available (set 'hibernate.transaction.jta.platform' to enable JTA platform integration)
2025-04-30T21:43:15.560+03:00  INFO 41420 --- [BugAndResolution] [restartedMain] j.LocalContainerEntityManagerFactoryBean : Initialized JPA EntityManagerFactory for persistence unit 'default'
2025-04-30T21:43:15.866+03:00 DEBUG 41420 --- [BugAndResolution] [restartedMain] c.B.B.config.jwt.JwtTokenFilter          : Filter 'jwtTokenFilter' configured for use
2025-04-30T21:43:15.895+03:00  INFO 41420 --- [BugAndResolution] [restartedMain] eAuthenticationProviderManagerConfigurer : Global AuthenticationManager configured with AuthenticationProvider bean with name authenticationProvider
2025-04-30T21:43:15.896+03:00  WARN 41420 --- [BugAndResolution] [restartedMain] r$InitializeUserDetailsManagerConfigurer : Global AuthenticationManager configured with an AuthenticationProvider bean. UserDetailsService beans will not be used by Spring Security for automatically configuring username/password login. Consider removing the AuthenticationProvider bean. Alternatively, consider using the UserDetailsService in a manually instantiated DaoAuthenticationProvider. If the current configuration is intentional, to turn off this warning, increase the logging level of 'org.springframework.security.config.annotation.authentication.configuration.InitializeUserDetailsBeanManagerConfigurer' to ERROR
2025-04-30T21:43:16.061+03:00  WARN 41420 --- [BugAndResolution] [restartedMain] JpaBaseConfiguration$JpaWebConfiguration : spring.jpa.open-in-view is enabled by default. Therefore, database queries may be performed during view rendering. Explicitly configure spring.jpa.open-in-view to disable this warning
2025-04-30T21:43:16.401+03:00  INFO 41420 --- [BugAndResolution] [restartedMain] o.s.b.d.a.OptionalLiveReloadServer       : LiveReload server is running on port 35729
2025-04-30T21:43:16.412+03:00  INFO 41420 --- [BugAndResolution] [restartedMain] o.s.b.w.embedded.tomcat.TomcatWebServer  : Tomcat started on port 8080 (http) with context path '/'
2025-04-30T21:43:16.422+03:00  INFO 41420 --- [BugAndResolution] [restartedMain] c.B.B.BugAndResolutionApplication        : Started BugAndResolutionApplication in 1.635 seconds (process running for 459.897)
2025-04-30T21:43:16.424+03:00  INFO 41420 --- [BugAndResolution] [SpringApplicationShutdownHook] o.s.b.w.e.tomcat.GracefulShutdown        : Commencing graceful shutdown. Waiting for active requests to complete
2025-04-30T21:43:16.425+03:00  INFO 41420 --- [BugAndResolution] [restartedMain] .ConditionEvaluationDeltaLoggingListener : Condition evaluation unchanged
2025-04-30T21:43:16.426+03:00  INFO 41420 --- [BugAndResolution] [tomcat-shutdown] o.s.b.w.e.tomcat.GracefulShutdown        : Graceful shutdown complete
2025-04-30T21:43:16.430+03:00  INFO 41420 --- [BugAndResolution] [SpringApplicationShutdownHook] j.LocalContainerEntityManagerFactoryBean : Closing JPA EntityManagerFactory for persistence unit 'default'
2025-04-30T21:43:16.431+03:00  INFO 41420 --- [BugAndResolution] [SpringApplicationShutdownHook] com.zaxxer.hikari.HikariDataSource       : HikariPool-2 - Shutdown initiated...
2025-04-30T21:43:16.433+03:00  INFO 41420 --- [BugAndResolution] [SpringApplicationShutdownHook] com.zaxxer.hikari.HikariDataSource       : HikariPool-2 - Shutdown completed.
2025-04-30T21:43:51.596+03:00  INFO 44090 --- [BugAndResolution] [restartedMain] c.B.B.BugAndResolutionApplication        : Starting BugAndResolutionApplication using Java 21.0.6 with PID 44090 (/home/mo5tar/Github/wasfa/server/target/classes started by mo5tar in /home/mo5tar/Github/wasfa)
2025-04-30T21:43:51.598+03:00 DEBUG 44090 --- [BugAndResolution] [restartedMain] c.B.B.BugAndResolutionApplication        : Running with Spring Boot v3.4.4, Spring v6.2.5
2025-04-30T21:43:51.599+03:00  INFO 44090 --- [BugAndResolution] [restartedMain] c.B.B.BugAndResolutionApplication        : No active profile set, falling back to 1 default profile: "default"
2025-04-30T21:43:51.680+03:00  INFO 44090 --- [BugAndResolution] [restartedMain] o.s.b.devtools.restart.ChangeableUrls    : The Class-Path manifest attribute in /home/mo5tar/.m2/repository/org/apache/cassandra/cassandra-all/0.8.1/cassandra-all-0.8.1.jar referenced one or more files that do not exist: file:/home/mo5tar/.m2/repository/org/apache/cassandra/cassandra-all/0.8.1/apache-cassandra-thrift-0.8.1.jar
2025-04-30T21:43:51.681+03:00  INFO 44090 --- [BugAndResolution] [restartedMain] .e.DevToolsPropertyDefaultsPostProcessor : Devtools property defaults active! Set 'spring.devtools.add-properties' to 'false' to disable
2025-04-30T21:43:51.682+03:00  INFO 44090 --- [BugAndResolution] [restartedMain] .e.DevToolsPropertyDefaultsPostProcessor : For additional web related logging consider setting the 'logging.level.web' property to 'DEBUG'
2025-04-30T21:43:52.643+03:00  INFO 44090 --- [BugAndResolution] [restartedMain] .s.d.r.c.RepositoryConfigurationDelegate : Bootstrapping Spring Data JPA repositories in DEFAULT mode.
2025-04-30T21:43:52.707+03:00  INFO 44090 --- [BugAndResolution] [restartedMain] .s.d.r.c.RepositoryConfigurationDelegate : Finished Spring Data repository scanning in 57 ms. Found 4 JPA repository interfaces.
2025-04-30T21:43:53.696+03:00  INFO 44090 --- [BugAndResolution] [restartedMain] o.s.b.w.embedded.tomcat.TomcatWebServer  : Tomcat initialized with port 8080 (http)
2025-04-30T21:43:53.725+03:00  INFO 44090 --- [BugAndResolution] [restartedMain] o.apache.catalina.core.StandardService   : Starting service [Tomcat]
2025-04-30T21:43:53.726+03:00  INFO 44090 --- [BugAndResolution] [restartedMain] o.apache.catalina.core.StandardEngine    : Starting Servlet engine: [Apache Tomcat/10.1.39]
2025-04-30T21:43:53.821+03:00  INFO 44090 --- [BugAndResolution] [restartedMain] o.a.c.c.C.[Tomcat].[localhost].[/]       : Initializing Spring embedded WebApplicationContext
2025-04-30T21:43:53.822+03:00  INFO 44090 --- [BugAndResolution] [restartedMain] w.s.c.ServletWebServerApplicationContext : Root WebApplicationContext: initialization completed in 2139 ms
2025-04-30T21:43:54.188+03:00  INFO 44090 --- [BugAndResolution] [restartedMain] o.hibernate.jpa.internal.util.LogHelper  : HHH000204: Processing PersistenceUnitInfo [name: default]
2025-04-30T21:43:54.228+03:00  INFO 44090 --- [BugAndResolution] [restartedMain] org.hibernate.Version                    : HHH000412: Hibernate ORM core version 6.6.11.Final
2025-04-30T21:43:54.259+03:00  INFO 44090 --- [BugAndResolution] [restartedMain] o.h.c.internal.RegionFactoryInitiator    : HHH000026: Second-level cache disabled
2025-04-30T21:43:54.459+03:00  INFO 44090 --- [BugAndResolution] [restartedMain] o.s.o.j.p.SpringPersistenceUnitInfo      : No LoadTimeWeaver setup: ignoring JPA class transformer
2025-04-30T21:43:54.483+03:00  INFO 44090 --- [BugAndResolution] [restartedMain] com.zaxxer.hikari.HikariDataSource       : HikariPool-1 - Starting...
2025-04-30T21:43:54.570+03:00  INFO 44090 --- [BugAndResolution] [restartedMain] com.zaxxer.hikari.pool.HikariPool        : HikariPool-1 - Added connection org.mariadb.jdbc.Connection@4d32f030
2025-04-30T21:43:54.572+03:00  INFO 44090 --- [BugAndResolution] [restartedMain] com.zaxxer.hikari.HikariDataSource       : HikariPool-1 - Start completed.
2025-04-30T21:43:54.623+03:00  INFO 44090 --- [BugAndResolution] [restartedMain] org.hibernate.orm.connections.pooling    : HHH10001005: Database info:
	Database JDBC URL [Connecting through datasource 'HikariDataSource (HikariPool-1)']
	Database driver: undefined/unknown
	Database version: 11.3.2
	Autocommit mode: undefined/unknown
	Isolation level: undefined/unknown
	Minimum pool size: undefined/unknown
	Maximum pool size: undefined/unknown
2025-04-30T21:43:55.326+03:00  INFO 44090 --- [BugAndResolution] [restartedMain] o.h.e.t.j.p.i.JtaPlatformInitiator       : HHH000489: No JTA platform available (set 'hibernate.transaction.jta.platform' to enable JTA platform integration)
2025-04-30T21:43:55.368+03:00  INFO 44090 --- [BugAndResolution] [restartedMain] j.LocalContainerEntityManagerFactoryBean : Initialized JPA EntityManagerFactory for persistence unit 'default'
2025-04-30T21:43:55.848+03:00 DEBUG 44090 --- [BugAndResolution] [restartedMain] c.B.B.config.jwt.JwtTokenFilter          : Filter 'jwtTokenFilter' configured for use
2025-04-30T21:43:55.923+03:00  INFO 44090 --- [BugAndResolution] [restartedMain] eAuthenticationProviderManagerConfigurer : Global AuthenticationManager configured with AuthenticationProvider bean with name authenticationProvider
2025-04-30T21:43:55.924+03:00  WARN 44090 --- [BugAndResolution] [restartedMain] r$InitializeUserDetailsManagerConfigurer : Global AuthenticationManager configured with an AuthenticationProvider bean. UserDetailsService beans will not be used by Spring Security for automatically configuring username/password login. Consider removing the AuthenticationProvider bean. Alternatively, consider using the UserDetailsService in a manually instantiated DaoAuthenticationProvider. If the current configuration is intentional, to turn off this warning, increase the logging level of 'org.springframework.security.config.annotation.authentication.configuration.InitializeUserDetailsBeanManagerConfigurer' to ERROR
2025-04-30T21:43:55.960+03:00  INFO 44090 --- [BugAndResolution] [restartedMain] o.s.d.j.r.query.QueryEnhancerFactory     : Hibernate is in classpath; If applicable, HQL parser will be used.
2025-04-30T21:43:56.504+03:00  WARN 44090 --- [BugAndResolution] [restartedMain] JpaBaseConfiguration$JpaWebConfiguration : spring.jpa.open-in-view is enabled by default. Therefore, database queries may be performed during view rendering. Explicitly configure spring.jpa.open-in-view to disable this warning
2025-04-30T21:43:57.217+03:00  INFO 44090 --- [BugAndResolution] [restartedMain] o.s.b.d.a.OptionalLiveReloadServer       : LiveReload server is running on port 35729
2025-04-30T21:43:57.242+03:00  INFO 44090 --- [BugAndResolution] [restartedMain] o.s.b.w.embedded.tomcat.TomcatWebServer  : Tomcat started on port 8080 (http) with context path '/'
2025-04-30T21:43:57.252+03:00  INFO 44090 --- [BugAndResolution] [restartedMain] c.B.B.BugAndResolutionApplication        : Started BugAndResolutionApplication in 6.304 seconds (process running for 6.87)
2025-04-30T21:44:22.531+03:00  INFO 44090 --- [BugAndResolution] [http-nio-8080-exec-2] o.a.c.c.C.[Tomcat].[localhost].[/]       : Initializing Spring DispatcherServlet 'dispatcherServlet'
2025-04-30T21:44:22.532+03:00  INFO 44090 --- [BugAndResolution] [http-nio-8080-exec-2] o.s.web.servlet.DispatcherServlet        : Initializing Servlet 'dispatcherServlet'
2025-04-30T21:44:22.534+03:00  INFO 44090 --- [BugAndResolution] [http-nio-8080-exec-2] o.s.web.servlet.DispatcherServlet        : Completed initialization in 2 ms
2025-04-30T21:44:22.637+03:00  INFO 44090 --- [BugAndResolution] [http-nio-8080-exec-2] c.B.BugAndResolution.aop.LoggingAspect   : Before The Method Execution
2025-04-30T21:44:22.638+03:00  INFO 44090 --- [BugAndResolution] [http-nio-8080-exec-2] c.B.BugAndResolution.aop.LoggingAspect   : Execution Method: AuthenticatorResponse com.BugAndResolution.BugAndResolution.service.authServices.AuthService.authenticate(AuthenticatorRequest)
2025-04-30T21:44:22.639+03:00  INFO 44090 --- [BugAndResolution] [http-nio-8080-exec-2] c.B.BugAndResolution.aop.LoggingAspect   : Input Argument : AuthenticatorRequest(email=mkmk@gmail.com, password=12343)
2025-04-30T21:44:22.942+03:00  INFO 44090 --- [BugAndResolution] [http-nio-8080-exec-2] c.B.BugAndResolution.aop.LoggingAspect   : Before The Method Execution
2025-04-30T21:44:22.943+03:00  INFO 44090 --- [BugAndResolution] [http-nio-8080-exec-2] c.B.BugAndResolution.aop.LoggingAspect   : Execution Method: RefreshToken com.BugAndResolution.BugAndResolution.service.authServices.RefreshTokenService.createRefreshToken(String)
2025-04-30T21:44:22.943+03:00  INFO 44090 --- [BugAndResolution] [http-nio-8080-exec-2] c.B.BugAndResolution.aop.LoggingAspect   : Input Argument : mkmk@gmail.com
2025-04-30T21:44:23.021+03:00  INFO 44090 --- [BugAndResolution] [http-nio-8080-exec-2] c.B.BugAndResolution.aop.LoggingAspect   : ### After Method Execution ###
2025-04-30T21:44:23.022+03:00  INFO 44090 --- [BugAndResolution] [http-nio-8080-exec-2] c.B.BugAndResolution.aop.LoggingAspect   : Executed method: RefreshToken com.BugAndResolution.BugAndResolution.service.authServices.RefreshTokenService.createRefreshToken(String)
2025-04-30T21:44:23.022+03:00  INFO 44090 --- [BugAndResolution] [http-nio-8080-exec-2] c.B.BugAndResolution.aop.LoggingAspect   : Returned value: RefreshToken(id=6, token=5c7d791e-d45d-4973-a898-a675d190e4f0, expiryDate=2025-05-07T18:44:22.946843026Z, user=User{id=14, name='null', email='mkmk@gmail.com', password='$2a$10$J9DhG4BSGUYheaWsywE9qeRgA4elaOTiLqwNvoulAy2UOA7PsKuQS', role=MANAGER, createdAt=2025-04-28T15:09:57.939162, bugs=[], comments=[]})
2025-04-30T21:44:23.032+03:00  INFO 44090 --- [BugAndResolution] [http-nio-8080-exec-2] c.B.BugAndResolution.aop.LoggingAspect   : Method RefreshToken com.BugAndResolution.BugAndResolution.service.authServices.RefreshTokenService.createRefreshToken(String) executed in 90 ms
2025-04-30T21:44:23.033+03:00  INFO 44090 --- [BugAndResolution] [http-nio-8080-exec-2] c.B.BugAndResolution.aop.LoggingAspect   : ### After Method Execution ###
2025-04-30T21:44:23.033+03:00  INFO 44090 --- [BugAndResolution] [http-nio-8080-exec-2] c.B.BugAndResolution.aop.LoggingAspect   : Executed method: AuthenticatorResponse com.BugAndResolution.BugAndResolution.service.authServices.AuthService.authenticate(AuthenticatorRequest)
2025-04-30T21:44:23.033+03:00  INFO 44090 --- [BugAndResolution] [http-nio-8080-exec-2] c.B.BugAndResolution.aop.LoggingAspect   : Returned value: AuthenticatorResponse(accessToken=eyJ0eXBlIjoiand0IiwiYWxnIjoiSFMyNTYifQ.eyJyb2xlcyI6WyJST0xFX01BTkFHRVIiXSwic3ViIjoibWtta0BnbWFpbC5jb20iLCJpYXQiOjE3NDYwMzg2NjIsImV4cCI6MTc0NjEyNTA2Mn0.OkjbZk2pWbhqVm9By42yNAV25xR6-bOE6OwMIoBa_g8, refreshToken=5c7d791e-d45d-4973-a898-a675d190e4f0, tokenType=Bearer)
2025-04-30T21:44:23.034+03:00  INFO 44090 --- [BugAndResolution] [http-nio-8080-exec-2] c.B.BugAndResolution.aop.LoggingAspect   : Method AuthenticatorResponse com.BugAndResolution.BugAndResolution.service.authServices.AuthService.authenticate(AuthenticatorRequest) executed in 397 ms
2025-04-30T21:44:46.861+03:00  INFO 44090 --- [BugAndResolution] [http-nio-8080-exec-3] c.B.BugAndResolution.aop.LoggingAspect   : Before The Method Execution
2025-04-30T21:44:46.861+03:00  INFO 44090 --- [BugAndResolution] [http-nio-8080-exec-3] c.B.BugAndResolution.aop.LoggingAspect   : Execution Method: List com.BugAndResolution.BugAndResolution.service.bugServices.BugService.getAllBugs()
2025-04-30T21:44:46.861+03:00  INFO 44090 --- [BugAndResolution] [http-nio-8080-exec-3] c.B.BugAndResolution.aop.LoggingAspect   : No Input Arguments
2025-04-30T21:44:46.882+03:00  INFO 44090 --- [BugAndResolution] [http-nio-8080-exec-3] c.B.BugAndResolution.aop.LoggingAspect   : ### After Method Execution ###
2025-04-30T21:44:46.882+03:00  INFO 44090 --- [BugAndResolution] [http-nio-8080-exec-3] c.B.BugAndResolution.aop.LoggingAspect   : Executed method: List com.BugAndResolution.BugAndResolution.service.bugServices.BugService.getAllBugs()
2025-04-30T21:44:46.882+03:00  INFO 44090 --- [BugAndResolution] [http-nio-8080-exec-3] c.B.BugAndResolution.aop.LoggingAspect   : Returned value: [com.BugAndResolution.BugAndResolution.dto.bugs.BugResponseDTO@3709b24a, com.BugAndResolution.BugAndResolution.dto.bugs.BugResponseDTO@d0aa5e8, com.BugAndResolution.BugAndResolution.dto.bugs.BugResponseDTO@2b2ce594, com.BugAndResolution.BugAndResolution.dto.bugs.BugResponseDTO@7ac9c76d, com.BugAndResolution.BugAndResolution.dto.bugs.BugResponseDTO@a8b19c, com.BugAndResolution.BugAndResolution.dto.bugs.BugResponseDTO@58d56184, com.BugAndResolution.BugAndResolution.dto.bugs.BugResponseDTO@14193f4f, com.BugAndResolution.BugAndResolution.dto.bugs.BugResponseDTO@20df600e, com.BugAndResolution.BugAndResolution.dto.bugs.BugResponseDTO@653e11d8, com.BugAndResolution.BugAndResolution.dto.bugs.BugResponseDTO@169495ba]
2025-04-30T21:44:46.883+03:00  INFO 44090 --- [BugAndResolution] [http-nio-8080-exec-3] c.B.BugAndResolution.aop.LoggingAspect   : Method List com.BugAndResolution.BugAndResolution.service.bugServices.BugService.getAllBugs() executed in 21 ms
2025-04-30T21:48:16.189+03:00  INFO 44090 --- [BugAndResolution] [File Watcher] rtingClassPathChangeChangedEventListener : Restarting due to 1 class path change (0 additions, 0 deletions, 1 modification)
2025-04-30T21:48:16.195+03:00  INFO 44090 --- [BugAndResolution] [Thread-5] o.s.b.w.e.tomcat.GracefulShutdown        : Commencing graceful shutdown. Waiting for active requests to complete
2025-04-30T21:48:16.199+03:00  INFO 44090 --- [BugAndResolution] [tomcat-shutdown] o.s.b.w.e.tomcat.GracefulShutdown        : Graceful shutdown complete
2025-04-30T21:48:16.207+03:00  INFO 44090 --- [BugAndResolution] [Thread-5] j.LocalContainerEntityManagerFactoryBean : Closing JPA EntityManagerFactory for persistence unit 'default'
2025-04-30T21:48:16.212+03:00  INFO 44090 --- [BugAndResolution] [Thread-5] com.zaxxer.hikari.HikariDataSource       : HikariPool-1 - Shutdown initiated...
2025-04-30T21:48:16.218+03:00  INFO 44090 --- [BugAndResolution] [Thread-5] com.zaxxer.hikari.HikariDataSource       : HikariPool-1 - Shutdown completed.
2025-04-30T21:48:16.365+03:00  INFO 44090 --- [BugAndResolution] [restartedMain] c.B.B.BugAndResolutionApplication        : Starting BugAndResolutionApplication using Java 21.0.6 with PID 44090 (/home/mo5tar/Github/wasfa/server/target/classes started by mo5tar in /home/mo5tar/Github/wasfa)
2025-04-30T21:48:16.365+03:00 DEBUG 44090 --- [BugAndResolution] [restartedMain] c.B.B.BugAndResolutionApplication        : Running with Spring Boot v3.4.4, Spring v6.2.5
2025-04-30T21:48:16.366+03:00  INFO 44090 --- [BugAndResolution] [restartedMain] c.B.B.BugAndResolutionApplication        : No active profile set, falling back to 1 default profile: "default"
2025-04-30T21:48:16.537+03:00  INFO 44090 --- [BugAndResolution] [restartedMain] .s.d.r.c.RepositoryConfigurationDelegate : Bootstrapping Spring Data JPA repositories in DEFAULT mode.
2025-04-30T21:48:16.550+03:00  INFO 44090 --- [BugAndResolution] [restartedMain] .s.d.r.c.RepositoryConfigurationDelegate : Finished Spring Data repository scanning in 12 ms. Found 4 JPA repository interfaces.
2025-04-30T21:48:16.716+03:00  INFO 44090 --- [BugAndResolution] [restartedMain] o.s.b.w.embedded.tomcat.TomcatWebServer  : Tomcat initialized with port 8080 (http)
2025-04-30T21:48:16.716+03:00  INFO 44090 --- [BugAndResolution] [restartedMain] o.apache.catalina.core.StandardService   : Starting service [Tomcat]
2025-04-30T21:48:16.716+03:00  INFO 44090 --- [BugAndResolution] [restartedMain] o.apache.catalina.core.StandardEngine    : Starting Servlet engine: [Apache Tomcat/10.1.39]
2025-04-30T21:48:16.725+03:00  INFO 44090 --- [BugAndResolution] [restartedMain] o.a.c.c.C.[Tomcat].[localhost].[/]       : Initializing Spring embedded WebApplicationContext
2025-04-30T21:48:16.725+03:00  INFO 44090 --- [BugAndResolution] [restartedMain] w.s.c.ServletWebServerApplicationContext : Root WebApplicationContext: initialization completed in 356 ms
2025-04-30T21:48:16.841+03:00  INFO 44090 --- [BugAndResolution] [restartedMain] o.hibernate.jpa.internal.util.LogHelper  : HHH000204: Processing PersistenceUnitInfo [name: default]
2025-04-30T21:48:16.845+03:00  INFO 44090 --- [BugAndResolution] [restartedMain] o.h.c.internal.RegionFactoryInitiator    : HHH000026: Second-level cache disabled
2025-04-30T21:48:16.863+03:00  INFO 44090 --- [BugAndResolution] [restartedMain] o.s.o.j.p.SpringPersistenceUnitInfo      : No LoadTimeWeaver setup: ignoring JPA class transformer
2025-04-30T21:48:16.865+03:00  INFO 44090 --- [BugAndResolution] [restartedMain] com.zaxxer.hikari.HikariDataSource       : HikariPool-2 - Starting...
2025-04-30T21:48:16.873+03:00  INFO 44090 --- [BugAndResolution] [restartedMain] com.zaxxer.hikari.pool.HikariPool        : HikariPool-2 - Added connection org.mariadb.jdbc.Connection@84181ab
2025-04-30T21:48:16.874+03:00  INFO 44090 --- [BugAndResolution] [restartedMain] com.zaxxer.hikari.HikariDataSource       : HikariPool-2 - Start completed.
2025-04-30T21:48:16.877+03:00  INFO 44090 --- [BugAndResolution] [restartedMain] org.hibernate.orm.connections.pooling    : HHH10001005: Database info:
	Database JDBC URL [Connecting through datasource 'HikariDataSource (HikariPool-2)']
	Database driver: undefined/unknown
	Database version: 11.3.2
	Autocommit mode: undefined/unknown
	Isolation level: undefined/unknown
	Minimum pool size: undefined/unknown
	Maximum pool size: undefined/unknown
2025-04-30T21:48:17.136+03:00  INFO 44090 --- [BugAndResolution] [restartedMain] o.h.e.t.j.p.i.JtaPlatformInitiator       : HHH000489: No JTA platform available (set 'hibernate.transaction.jta.platform' to enable JTA platform integration)
2025-04-30T21:48:17.158+03:00  INFO 44090 --- [BugAndResolution] [restartedMain] j.LocalContainerEntityManagerFactoryBean : Initialized JPA EntityManagerFactory for persistence unit 'default'
2025-04-30T21:48:17.420+03:00 DEBUG 44090 --- [BugAndResolution] [restartedMain] c.B.B.config.jwt.JwtTokenFilter          : Filter 'jwtTokenFilter' configured for use
2025-04-30T21:48:17.480+03:00  INFO 44090 --- [BugAndResolution] [restartedMain] eAuthenticationProviderManagerConfigurer : Global AuthenticationManager configured with AuthenticationProvider bean with name authenticationProvider
2025-04-30T21:48:17.481+03:00  WARN 44090 --- [BugAndResolution] [restartedMain] r$InitializeUserDetailsManagerConfigurer : Global AuthenticationManager configured with an AuthenticationProvider bean. UserDetailsService beans will not be used by Spring Security for automatically configuring username/password login. Consider removing the AuthenticationProvider bean. Alternatively, consider using the UserDetailsService in a manually instantiated DaoAuthenticationProvider. If the current configuration is intentional, to turn off this warning, increase the logging level of 'org.springframework.security.config.annotation.authentication.configuration.InitializeUserDetailsBeanManagerConfigurer' to ERROR
2025-04-30T21:48:17.844+03:00  WARN 44090 --- [BugAndResolution] [restartedMain] JpaBaseConfiguration$JpaWebConfiguration : spring.jpa.open-in-view is enabled by default. Therefore, database queries may be performed during view rendering. Explicitly configure spring.jpa.open-in-view to disable this warning
2025-04-30T21:48:18.540+03:00  INFO 44090 --- [BugAndResolution] [restartedMain] o.s.b.d.a.OptionalLiveReloadServer       : LiveReload server is running on port 35729
2025-04-30T21:48:18.551+03:00  INFO 44090 --- [BugAndResolution] [restartedMain] o.s.b.w.embedded.tomcat.TomcatWebServer  : Tomcat started on port 8080 (http) with context path '/'
2025-04-30T21:48:18.556+03:00  INFO 44090 --- [BugAndResolution] [restartedMain] c.B.B.BugAndResolutionApplication        : Started BugAndResolutionApplication in 2.235 seconds (process running for 268.175)
2025-04-30T21:48:18.561+03:00  INFO 44090 --- [BugAndResolution] [restartedMain] .ConditionEvaluationDeltaLoggingListener : Condition evaluation unchanged
2025-04-30T21:48:30.761+03:00  INFO 44090 --- [BugAndResolution] [http-nio-8080-exec-2] o.a.c.c.C.[Tomcat].[localhost].[/]       : Initializing Spring DispatcherServlet 'dispatcherServlet'
2025-04-30T21:48:30.762+03:00  INFO 44090 --- [BugAndResolution] [http-nio-8080-exec-2] o.s.web.servlet.DispatcherServlet        : Initializing Servlet 'dispatcherServlet'
2025-04-30T21:48:30.763+03:00  INFO 44090 --- [BugAndResolution] [http-nio-8080-exec-2] o.s.web.servlet.DispatcherServlet        : Completed initialization in 1 ms
2025-04-30T21:48:30.828+03:00  WARN 44090 --- [BugAndResolution] [http-nio-8080-exec-2] .m.m.a.ExceptionHandlerExceptionResolver : Resolved [java.lang.IllegalStateException: Ambiguous handler methods mapped for '/api/bugs/11': {public org.springframework.http.ResponseEntity com.BugAndResolution.BugAndResolution.controller.bugController.BugController.getBugById(java.lang.Long), public org.springframework.http.ResponseEntity com.BugAndResolution.BugAndResolution.controller.bugController.BugController.getBugsByDeveloperId(java.lang.Long)}]
2025-04-30T21:48:49.044+03:00  WARN 44090 --- [BugAndResolution] [http-nio-8080-exec-4] .m.m.a.ExceptionHandlerExceptionResolver : Resolved [java.lang.IllegalStateException: Ambiguous handler methods mapped for '/api/bugs/1': {public org.springframework.http.ResponseEntity com.BugAndResolution.BugAndResolution.controller.bugController.BugController.getBugById(java.lang.Long), public org.springframework.http.ResponseEntity com.BugAndResolution.BugAndResolution.controller.bugController.BugController.getBugsByDeveloperId(java.lang.Long)}]
2025-04-30T21:51:08.121+03:00  INFO 44090 --- [BugAndResolution] [SpringApplicationShutdownHook] o.s.b.w.e.tomcat.GracefulShutdown        : Commencing graceful shutdown. Waiting for active requests to complete
2025-04-30T21:51:08.122+03:00  INFO 44090 --- [BugAndResolution] [tomcat-shutdown] o.s.b.w.e.tomcat.GracefulShutdown        : Graceful shutdown complete
2025-04-30T21:51:08.126+03:00  INFO 44090 --- [BugAndResolution] [SpringApplicationShutdownHook] j.LocalContainerEntityManagerFactoryBean : Closing JPA EntityManagerFactory for persistence unit 'default'
2025-04-30T21:51:08.127+03:00  INFO 44090 --- [BugAndResolution] [SpringApplicationShutdownHook] com.zaxxer.hikari.HikariDataSource       : HikariPool-2 - Shutdown initiated...
2025-04-30T21:51:08.130+03:00  INFO 44090 --- [BugAndResolution] [SpringApplicationShutdownHook] com.zaxxer.hikari.HikariDataSource       : HikariPool-2 - Shutdown completed.
2025-04-30T21:51:17.754+03:00  INFO 47163 --- [BugAndResolution] [restartedMain] c.B.B.BugAndResolutionApplication        : Starting BugAndResolutionApplication using Java 21.0.6 with PID 47163 (/home/mo5tar/Github/wasfa/server/target/classes started by mo5tar in /home/mo5tar/Github/wasfa)
2025-04-30T21:51:17.756+03:00 DEBUG 47163 --- [BugAndResolution] [restartedMain] c.B.B.BugAndResolutionApplication        : Running with Spring Boot v3.4.4, Spring v6.2.5
2025-04-30T21:51:17.758+03:00  INFO 47163 --- [BugAndResolution] [restartedMain] c.B.B.BugAndResolutionApplication        : No active profile set, falling back to 1 default profile: "default"
2025-04-30T21:51:17.881+03:00  INFO 47163 --- [BugAndResolution] [restartedMain] o.s.b.devtools.restart.ChangeableUrls    : The Class-Path manifest attribute in /home/mo5tar/.m2/repository/org/apache/cassandra/cassandra-all/0.8.1/cassandra-all-0.8.1.jar referenced one or more files that do not exist: file:/home/mo5tar/.m2/repository/org/apache/cassandra/cassandra-all/0.8.1/apache-cassandra-thrift-0.8.1.jar
2025-04-30T21:51:17.883+03:00  INFO 47163 --- [BugAndResolution] [restartedMain] .e.DevToolsPropertyDefaultsPostProcessor : Devtools property defaults active! Set 'spring.devtools.add-properties' to 'false' to disable
2025-04-30T21:51:17.883+03:00  INFO 47163 --- [BugAndResolution] [restartedMain] .e.DevToolsPropertyDefaultsPostProcessor : For additional web related logging consider setting the 'logging.level.web' property to 'DEBUG'
2025-04-30T21:51:19.177+03:00  INFO 47163 --- [BugAndResolution] [restartedMain] .s.d.r.c.RepositoryConfigurationDelegate : Bootstrapping Spring Data JPA repositories in DEFAULT mode.
2025-04-30T21:51:19.283+03:00  INFO 47163 --- [BugAndResolution] [restartedMain] .s.d.r.c.RepositoryConfigurationDelegate : Finished Spring Data repository scanning in 91 ms. Found 4 JPA repository interfaces.
2025-04-30T21:51:20.815+03:00  INFO 47163 --- [BugAndResolution] [restartedMain] o.s.b.w.embedded.tomcat.TomcatWebServer  : Tomcat initialized with port 8080 (http)
2025-04-30T21:51:20.840+03:00  INFO 47163 --- [BugAndResolution] [restartedMain] o.apache.catalina.core.StandardService   : Starting service [Tomcat]
2025-04-30T21:51:20.841+03:00  INFO 47163 --- [BugAndResolution] [restartedMain] o.apache.catalina.core.StandardEngine    : Starting Servlet engine: [Apache Tomcat/10.1.39]
2025-04-30T21:51:20.908+03:00  INFO 47163 --- [BugAndResolution] [restartedMain] o.a.c.c.C.[Tomcat].[localhost].[/]       : Initializing Spring embedded WebApplicationContext
2025-04-30T21:51:20.909+03:00  INFO 47163 --- [BugAndResolution] [restartedMain] w.s.c.ServletWebServerApplicationContext : Root WebApplicationContext: initialization completed in 3025 ms
2025-04-30T21:51:21.287+03:00  INFO 47163 --- [BugAndResolution] [restartedMain] o.hibernate.jpa.internal.util.LogHelper  : HHH000204: Processing PersistenceUnitInfo [name: default]
2025-04-30T21:51:21.368+03:00  INFO 47163 --- [BugAndResolution] [restartedMain] org.hibernate.Version                    : HHH000412: Hibernate ORM core version 6.6.11.Final
2025-04-30T21:51:21.409+03:00  INFO 47163 --- [BugAndResolution] [restartedMain] o.h.c.internal.RegionFactoryInitiator    : HHH000026: Second-level cache disabled
2025-04-30T21:51:21.604+03:00  INFO 47163 --- [BugAndResolution] [restartedMain] o.s.o.j.p.SpringPersistenceUnitInfo      : No LoadTimeWeaver setup: ignoring JPA class transformer
2025-04-30T21:51:21.628+03:00  INFO 47163 --- [BugAndResolution] [restartedMain] com.zaxxer.hikari.HikariDataSource       : HikariPool-1 - Starting...
2025-04-30T21:51:21.735+03:00  INFO 47163 --- [BugAndResolution] [restartedMain] com.zaxxer.hikari.pool.HikariPool        : HikariPool-1 - Added connection org.mariadb.jdbc.Connection@5464c8ba
2025-04-30T21:51:21.737+03:00  INFO 47163 --- [BugAndResolution] [restartedMain] com.zaxxer.hikari.HikariDataSource       : HikariPool-1 - Start completed.
2025-04-30T21:51:21.805+03:00  INFO 47163 --- [BugAndResolution] [restartedMain] org.hibernate.orm.connections.pooling    : HHH10001005: Database info:
	Database JDBC URL [Connecting through datasource 'HikariDataSource (HikariPool-1)']
	Database driver: undefined/unknown
	Database version: 11.3.2
	Autocommit mode: undefined/unknown
	Isolation level: undefined/unknown
	Minimum pool size: undefined/unknown
	Maximum pool size: undefined/unknown
2025-04-30T21:51:22.626+03:00  INFO 47163 --- [BugAndResolution] [restartedMain] o.h.e.t.j.p.i.JtaPlatformInitiator       : HHH000489: No JTA platform available (set 'hibernate.transaction.jta.platform' to enable JTA platform integration)
2025-04-30T21:51:22.670+03:00  INFO 47163 --- [BugAndResolution] [restartedMain] j.LocalContainerEntityManagerFactoryBean : Initialized JPA EntityManagerFactory for persistence unit 'default'
2025-04-30T21:51:23.147+03:00 DEBUG 47163 --- [BugAndResolution] [restartedMain] c.B.B.config.jwt.JwtTokenFilter          : Filter 'jwtTokenFilter' configured for use
2025-04-30T21:51:23.221+03:00  INFO 47163 --- [BugAndResolution] [restartedMain] eAuthenticationProviderManagerConfigurer : Global AuthenticationManager configured with AuthenticationProvider bean with name authenticationProvider
2025-04-30T21:51:23.221+03:00  WARN 47163 --- [BugAndResolution] [restartedMain] r$InitializeUserDetailsManagerConfigurer : Global AuthenticationManager configured with an AuthenticationProvider bean. UserDetailsService beans will not be used by Spring Security for automatically configuring username/password login. Consider removing the AuthenticationProvider bean. Alternatively, consider using the UserDetailsService in a manually instantiated DaoAuthenticationProvider. If the current configuration is intentional, to turn off this warning, increase the logging level of 'org.springframework.security.config.annotation.authentication.configuration.InitializeUserDetailsBeanManagerConfigurer' to ERROR
2025-04-30T21:51:23.259+03:00  INFO 47163 --- [BugAndResolution] [restartedMain] o.s.d.j.r.query.QueryEnhancerFactory     : Hibernate is in classpath; If applicable, HQL parser will be used.
2025-04-30T21:51:23.802+03:00  WARN 47163 --- [BugAndResolution] [restartedMain] JpaBaseConfiguration$JpaWebConfiguration : spring.jpa.open-in-view is enabled by default. Therefore, database queries may be performed during view rendering. Explicitly configure spring.jpa.open-in-view to disable this warning
2025-04-30T21:51:25.553+03:00  INFO 47163 --- [BugAndResolution] [restartedMain] o.s.b.d.a.OptionalLiveReloadServer       : LiveReload server is running on port 35729
2025-04-30T21:51:25.589+03:00  INFO 47163 --- [BugAndResolution] [restartedMain] o.s.b.w.embedded.tomcat.TomcatWebServer  : Tomcat started on port 8080 (http) with context path '/'
2025-04-30T21:51:25.604+03:00  INFO 47163 --- [BugAndResolution] [restartedMain] c.B.B.BugAndResolutionApplication        : Started BugAndResolutionApplication in 8.768 seconds (process running for 9.388)
2025-04-30T21:52:10.041+03:00  INFO 47163 --- [BugAndResolution] [File Watcher] rtingClassPathChangeChangedEventListener : Restarting due to 1 class path change (0 additions, 0 deletions, 1 modification)
2025-04-30T21:52:10.044+03:00  INFO 47163 --- [BugAndResolution] [Thread-5] o.s.b.w.e.tomcat.GracefulShutdown        : Commencing graceful shutdown. Waiting for active requests to complete
2025-04-30T21:52:10.046+03:00  INFO 47163 --- [BugAndResolution] [tomcat-shutdown] o.s.b.w.e.tomcat.GracefulShutdown        : Graceful shutdown complete
2025-04-30T21:52:10.050+03:00  INFO 47163 --- [BugAndResolution] [Thread-5] j.LocalContainerEntityManagerFactoryBean : Closing JPA EntityManagerFactory for persistence unit 'default'
2025-04-30T21:52:10.053+03:00  INFO 47163 --- [BugAndResolution] [Thread-5] com.zaxxer.hikari.HikariDataSource       : HikariPool-1 - Shutdown initiated...
2025-04-30T21:52:10.056+03:00  INFO 47163 --- [BugAndResolution] [Thread-5] com.zaxxer.hikari.HikariDataSource       : HikariPool-1 - Shutdown completed.
2025-04-30T21:52:10.148+03:00  INFO 47163 --- [BugAndResolution] [restartedMain] c.B.B.BugAndResolutionApplication        : Starting BugAndResolutionApplication using Java 21.0.6 with PID 47163 (/home/mo5tar/Github/wasfa/server/target/classes started by mo5tar in /home/mo5tar/Github/wasfa)
2025-04-30T21:52:10.148+03:00 DEBUG 47163 --- [BugAndResolution] [restartedMain] c.B.B.BugAndResolutionApplication        : Running with Spring Boot v3.4.4, Spring v6.2.5
2025-04-30T21:52:10.149+03:00  INFO 47163 --- [BugAndResolution] [restartedMain] c.B.B.BugAndResolutionApplication        : No active profile set, falling back to 1 default profile: "default"
2025-04-30T21:52:10.319+03:00  INFO 47163 --- [BugAndResolution] [restartedMain] .s.d.r.c.RepositoryConfigurationDelegate : Bootstrapping Spring Data JPA repositories in DEFAULT mode.
2025-04-30T21:52:10.337+03:00  INFO 47163 --- [BugAndResolution] [restartedMain] .s.d.r.c.RepositoryConfigurationDelegate : Finished Spring Data repository scanning in 16 ms. Found 4 JPA repository interfaces.
2025-04-30T21:52:10.513+03:00  INFO 47163 --- [BugAndResolution] [restartedMain] o.s.b.w.embedded.tomcat.TomcatWebServer  : Tomcat initialized with port 8080 (http)
2025-04-30T21:52:10.514+03:00  INFO 47163 --- [BugAndResolution] [restartedMain] o.apache.catalina.core.StandardService   : Starting service [Tomcat]
2025-04-30T21:52:10.514+03:00  INFO 47163 --- [BugAndResolution] [restartedMain] o.apache.catalina.core.StandardEngine    : Starting Servlet engine: [Apache Tomcat/10.1.39]
2025-04-30T21:52:10.523+03:00  INFO 47163 --- [BugAndResolution] [restartedMain] o.a.c.c.C.[Tomcat].[localhost].[/]       : Initializing Spring embedded WebApplicationContext
2025-04-30T21:52:10.523+03:00  INFO 47163 --- [BugAndResolution] [restartedMain] w.s.c.ServletWebServerApplicationContext : Root WebApplicationContext: initialization completed in 372 ms
2025-04-30T21:52:10.615+03:00  INFO 47163 --- [BugAndResolution] [restartedMain] o.hibernate.jpa.internal.util.LogHelper  : HHH000204: Processing PersistenceUnitInfo [name: default]
2025-04-30T21:52:10.618+03:00  INFO 47163 --- [BugAndResolution] [restartedMain] o.h.c.internal.RegionFactoryInitiator    : HHH000026: Second-level cache disabled
2025-04-30T21:52:10.627+03:00  INFO 47163 --- [BugAndResolution] [restartedMain] o.s.o.j.p.SpringPersistenceUnitInfo      : No LoadTimeWeaver setup: ignoring JPA class transformer
2025-04-30T21:52:10.628+03:00  INFO 47163 --- [BugAndResolution] [restartedMain] com.zaxxer.hikari.HikariDataSource       : HikariPool-2 - Starting...
2025-04-30T21:52:10.631+03:00  INFO 47163 --- [BugAndResolution] [restartedMain] com.zaxxer.hikari.pool.HikariPool        : HikariPool-2 - Added connection org.mariadb.jdbc.Connection@6ab9261c
2025-04-30T21:52:10.632+03:00  INFO 47163 --- [BugAndResolution] [restartedMain] com.zaxxer.hikari.HikariDataSource       : HikariPool-2 - Start completed.
2025-04-30T21:52:10.634+03:00  INFO 47163 --- [BugAndResolution] [restartedMain] org.hibernate.orm.connections.pooling    : HHH10001005: Database info:
	Database JDBC URL [Connecting through datasource 'HikariDataSource (HikariPool-2)']
	Database driver: undefined/unknown
	Database version: 11.3.2
	Autocommit mode: undefined/unknown
	Isolation level: undefined/unknown
	Minimum pool size: undefined/unknown
	Maximum pool size: undefined/unknown
2025-04-30T21:52:10.769+03:00  INFO 47163 --- [BugAndResolution] [restartedMain] o.h.e.t.j.p.i.JtaPlatformInitiator       : HHH000489: No JTA platform available (set 'hibernate.transaction.jta.platform' to enable JTA platform integration)
2025-04-30T21:52:10.780+03:00  INFO 47163 --- [BugAndResolution] [restartedMain] j.LocalContainerEntityManagerFactoryBean : Initialized JPA EntityManagerFactory for persistence unit 'default'
2025-04-30T21:52:11.188+03:00 DEBUG 47163 --- [BugAndResolution] [restartedMain] c.B.B.config.jwt.JwtTokenFilter          : Filter 'jwtTokenFilter' configured for use
2025-04-30T21:52:11.258+03:00  INFO 47163 --- [BugAndResolution] [restartedMain] eAuthenticationProviderManagerConfigurer : Global AuthenticationManager configured with AuthenticationProvider bean with name authenticationProvider
2025-04-30T21:52:11.259+03:00  WARN 47163 --- [BugAndResolution] [restartedMain] r$InitializeUserDetailsManagerConfigurer : Global AuthenticationManager configured with an AuthenticationProvider bean. UserDetailsService beans will not be used by Spring Security for automatically configuring username/password login. Consider removing the AuthenticationProvider bean. Alternatively, consider using the UserDetailsService in a manually instantiated DaoAuthenticationProvider. If the current configuration is intentional, to turn off this warning, increase the logging level of 'org.springframework.security.config.annotation.authentication.configuration.InitializeUserDetailsBeanManagerConfigurer' to ERROR
2025-04-30T21:52:11.592+03:00  WARN 47163 --- [BugAndResolution] [restartedMain] JpaBaseConfiguration$JpaWebConfiguration : spring.jpa.open-in-view is enabled by default. Therefore, database queries may be performed during view rendering. Explicitly configure spring.jpa.open-in-view to disable this warning
2025-04-30T21:52:12.215+03:00  INFO 47163 --- [BugAndResolution] [restartedMain] o.s.b.d.a.OptionalLiveReloadServer       : LiveReload server is running on port 35729
2025-04-30T21:52:12.223+03:00  INFO 47163 --- [BugAndResolution] [restartedMain] o.s.b.w.embedded.tomcat.TomcatWebServer  : Tomcat started on port 8080 (http) with context path '/'
2025-04-30T21:52:12.226+03:00  INFO 47163 --- [BugAndResolution] [restartedMain] c.B.B.BugAndResolutionApplication        : Started BugAndResolutionApplication in 2.106 seconds (process running for 56.01)
2025-04-30T21:52:12.228+03:00  INFO 47163 --- [BugAndResolution] [restartedMain] .ConditionEvaluationDeltaLoggingListener : Condition evaluation unchanged
2025-04-30T21:52:16.081+03:00  INFO 47163 --- [BugAndResolution] [http-nio-8080-exec-2] o.a.c.c.C.[Tomcat].[localhost].[/]       : Initializing Spring DispatcherServlet 'dispatcherServlet'
2025-04-30T21:52:16.081+03:00  INFO 47163 --- [BugAndResolution] [http-nio-8080-exec-2] o.s.web.servlet.DispatcherServlet        : Initializing Servlet 'dispatcherServlet'
2025-04-30T21:52:16.084+03:00  INFO 47163 --- [BugAndResolution] [http-nio-8080-exec-2] o.s.web.servlet.DispatcherServlet        : Completed initialization in 2 ms
2025-04-30T21:52:16.447+03:00  INFO 47163 --- [BugAndResolution] [http-nio-8080-exec-2] c.B.BugAndResolution.aop.LoggingAspect   : Before The Method Execution
2025-04-30T21:52:16.450+03:00  INFO 47163 --- [BugAndResolution] [http-nio-8080-exec-2] c.B.BugAndResolution.aop.LoggingAspect   : Execution Method: List com.BugAndResolution.BugAndResolution.service.bugServices.BugService.getBugsByDeveloperId(Long)
2025-04-30T21:52:16.450+03:00  INFO 47163 --- [BugAndResolution] [http-nio-8080-exec-2] c.B.BugAndResolution.aop.LoggingAspect   : Input Argument : 1
2025-04-30T21:52:16.483+03:00  INFO 47163 --- [BugAndResolution] [http-nio-8080-exec-2] c.B.BugAndResolution.aop.LoggingAspect   : ### After Method Execution ###
2025-04-30T21:52:16.484+03:00  INFO 47163 --- [BugAndResolution] [http-nio-8080-exec-2] c.B.BugAndResolution.aop.LoggingAspect   : Executed method: List com.BugAndResolution.BugAndResolution.service.bugServices.BugService.getBugsByDeveloperId(Long)
2025-04-30T21:52:16.484+03:00  INFO 47163 --- [BugAndResolution] [http-nio-8080-exec-2] c.B.BugAndResolution.aop.LoggingAspect   : Returned value: [com.BugAndResolution.BugAndResolution.dto.bugs.BugResponseDTO@62e94d12, com.BugAndResolution.BugAndResolution.dto.bugs.BugResponseDTO@15ab3552, com.BugAndResolution.BugAndResolution.dto.bugs.BugResponseDTO@7c099c0b, com.BugAndResolution.BugAndResolution.dto.bugs.BugResponseDTO@65dbb1f1, com.BugAndResolution.BugAndResolution.dto.bugs.BugResponseDTO@4df2f185, com.BugAndResolution.BugAndResolution.dto.bugs.BugResponseDTO@1bf5ccc]
2025-04-30T21:52:16.484+03:00  INFO 47163 --- [BugAndResolution] [http-nio-8080-exec-2] c.B.BugAndResolution.aop.LoggingAspect   : Method List com.BugAndResolution.BugAndResolution.service.bugServices.BugService.getBugsByDeveloperId(Long) executed in 37 ms
2025-04-30T21:52:45.524+03:00  INFO 47163 --- [BugAndResolution] [SpringApplicationShutdownHook] o.s.b.w.e.tomcat.GracefulShutdown        : Commencing graceful shutdown. Waiting for active requests to complete
2025-04-30T21:52:45.525+03:00  INFO 47163 --- [BugAndResolution] [tomcat-shutdown] o.s.b.w.e.tomcat.GracefulShutdown        : Graceful shutdown complete
2025-04-30T21:52:45.528+03:00  INFO 47163 --- [BugAndResolution] [SpringApplicationShutdownHook] j.LocalContainerEntityManagerFactoryBean : Closing JPA EntityManagerFactory for persistence unit 'default'
2025-04-30T21:52:45.529+03:00  INFO 47163 --- [BugAndResolution] [SpringApplicationShutdownHook] com.zaxxer.hikari.HikariDataSource       : HikariPool-2 - Shutdown initiated...
2025-04-30T21:52:45.531+03:00  INFO 47163 --- [BugAndResolution] [SpringApplicationShutdownHook] com.zaxxer.hikari.HikariDataSource       : HikariPool-2 - Shutdown completed.
2025-04-30T22:13:39.819+03:00  INFO 54324 --- [BugAndResolution] [restartedMain] c.B.B.BugAndResolutionApplication        : Starting BugAndResolutionApplication using Java 21.0.6 with PID 54324 (/home/mo5tar/Github/wasfa/server/target/classes started by mo5tar in /home/mo5tar/Github/wasfa)
2025-04-30T22:13:39.821+03:00 DEBUG 54324 --- [BugAndResolution] [restartedMain] c.B.B.BugAndResolutionApplication        : Running with Spring Boot v3.4.4, Spring v6.2.5
2025-04-30T22:13:39.822+03:00  INFO 54324 --- [BugAndResolution] [restartedMain] c.B.B.BugAndResolutionApplication        : No active profile set, falling back to 1 default profile: "default"
2025-04-30T22:13:39.869+03:00  INFO 54324 --- [BugAndResolution] [restartedMain] o.s.b.devtools.restart.ChangeableUrls    : The Class-Path manifest attribute in /home/mo5tar/.m2/repository/org/apache/cassandra/cassandra-all/0.8.1/cassandra-all-0.8.1.jar referenced one or more files that do not exist: file:/home/mo5tar/.m2/repository/org/apache/cassandra/cassandra-all/0.8.1/apache-cassandra-thrift-0.8.1.jar
2025-04-30T22:13:39.870+03:00  INFO 54324 --- [BugAndResolution] [restartedMain] .e.DevToolsPropertyDefaultsPostProcessor : Devtools property defaults active! Set 'spring.devtools.add-properties' to 'false' to disable
2025-04-30T22:13:39.870+03:00  INFO 54324 --- [BugAndResolution] [restartedMain] .e.DevToolsPropertyDefaultsPostProcessor : For additional web related logging consider setting the 'logging.level.web' property to 'DEBUG'
2025-04-30T22:13:40.482+03:00  INFO 54324 --- [BugAndResolution] [restartedMain] .s.d.r.c.RepositoryConfigurationDelegate : Bootstrapping Spring Data JPA repositories in DEFAULT mode.
2025-04-30T22:13:40.557+03:00  INFO 54324 --- [BugAndResolution] [restartedMain] .s.d.r.c.RepositoryConfigurationDelegate : Finished Spring Data repository scanning in 67 ms. Found 4 JPA repository interfaces.
2025-04-30T22:13:41.379+03:00  INFO 54324 --- [BugAndResolution] [restartedMain] o.s.b.w.embedded.tomcat.TomcatWebServer  : Tomcat initialized with port 8080 (http)
2025-04-30T22:13:41.391+03:00  INFO 54324 --- [BugAndResolution] [restartedMain] o.apache.catalina.core.StandardService   : Starting service [Tomcat]
2025-04-30T22:13:41.392+03:00  INFO 54324 --- [BugAndResolution] [restartedMain] o.apache.catalina.core.StandardEngine    : Starting Servlet engine: [Apache Tomcat/10.1.39]
2025-04-30T22:13:41.434+03:00  INFO 54324 --- [BugAndResolution] [restartedMain] o.a.c.c.C.[Tomcat].[localhost].[/]       : Initializing Spring embedded WebApplicationContext
2025-04-30T22:13:41.435+03:00  INFO 54324 --- [BugAndResolution] [restartedMain] w.s.c.ServletWebServerApplicationContext : Root WebApplicationContext: initialization completed in 1565 ms
2025-04-30T22:13:41.664+03:00  INFO 54324 --- [BugAndResolution] [restartedMain] o.hibernate.jpa.internal.util.LogHelper  : HHH000204: Processing PersistenceUnitInfo [name: default]
2025-04-30T22:13:41.711+03:00  INFO 54324 --- [BugAndResolution] [restartedMain] org.hibernate.Version                    : HHH000412: Hibernate ORM core version 6.6.11.Final
2025-04-30T22:13:41.762+03:00  INFO 54324 --- [BugAndResolution] [restartedMain] o.h.c.internal.RegionFactoryInitiator    : HHH000026: Second-level cache disabled
2025-04-30T22:13:42.174+03:00  INFO 54324 --- [BugAndResolution] [restartedMain] o.s.o.j.p.SpringPersistenceUnitInfo      : No LoadTimeWeaver setup: ignoring JPA class transformer
2025-04-30T22:13:42.230+03:00  INFO 54324 --- [BugAndResolution] [restartedMain] com.zaxxer.hikari.HikariDataSource       : HikariPool-1 - Starting...
2025-04-30T22:13:42.387+03:00  INFO 54324 --- [BugAndResolution] [restartedMain] com.zaxxer.hikari.pool.HikariPool        : HikariPool-1 - Added connection org.mariadb.jdbc.Connection@a1948d1
2025-04-30T22:13:42.390+03:00  INFO 54324 --- [BugAndResolution] [restartedMain] com.zaxxer.hikari.HikariDataSource       : HikariPool-1 - Start completed.
2025-04-30T22:13:42.473+03:00  INFO 54324 --- [BugAndResolution] [restartedMain] org.hibernate.orm.connections.pooling    : HHH10001005: Database info:
	Database JDBC URL [Connecting through datasource 'HikariDataSource (HikariPool-1)']
	Database driver: undefined/unknown
	Database version: 11.3.2
	Autocommit mode: undefined/unknown
	Isolation level: undefined/unknown
	Minimum pool size: undefined/unknown
	Maximum pool size: undefined/unknown
2025-04-30T22:13:43.282+03:00  INFO 54324 --- [BugAndResolution] [restartedMain] o.h.e.t.j.p.i.JtaPlatformInitiator       : HHH000489: No JTA platform available (set 'hibernate.transaction.jta.platform' to enable JTA platform integration)
2025-04-30T22:13:43.336+03:00  INFO 54324 --- [BugAndResolution] [restartedMain] j.LocalContainerEntityManagerFactoryBean : Initialized JPA EntityManagerFactory for persistence unit 'default'
2025-04-30T22:13:43.786+03:00 DEBUG 54324 --- [BugAndResolution] [restartedMain] c.B.B.config.jwt.JwtTokenFilter          : Filter 'jwtTokenFilter' configured for use
2025-04-30T22:13:43.857+03:00  INFO 54324 --- [BugAndResolution] [restartedMain] eAuthenticationProviderManagerConfigurer : Global AuthenticationManager configured with AuthenticationProvider bean with name authenticationProvider
2025-04-30T22:13:43.857+03:00  WARN 54324 --- [BugAndResolution] [restartedMain] r$InitializeUserDetailsManagerConfigurer : Global AuthenticationManager configured with an AuthenticationProvider bean. UserDetailsService beans will not be used by Spring Security for automatically configuring username/password login. Consider removing the AuthenticationProvider bean. Alternatively, consider using the UserDetailsService in a manually instantiated DaoAuthenticationProvider. If the current configuration is intentional, to turn off this warning, increase the logging level of 'org.springframework.security.config.annotation.authentication.configuration.InitializeUserDetailsBeanManagerConfigurer' to ERROR
2025-04-30T22:13:43.891+03:00  INFO 54324 --- [BugAndResolution] [restartedMain] o.s.d.j.r.query.QueryEnhancerFactory     : Hibernate is in classpath; If applicable, HQL parser will be used.
2025-04-30T22:13:44.475+03:00  WARN 54324 --- [BugAndResolution] [restartedMain] JpaBaseConfiguration$JpaWebConfiguration : spring.jpa.open-in-view is enabled by default. Therefore, database queries may be performed during view rendering. Explicitly configure spring.jpa.open-in-view to disable this warning
2025-04-30T22:13:45.296+03:00  INFO 54324 --- [BugAndResolution] [restartedMain] o.s.b.d.a.OptionalLiveReloadServer       : LiveReload server is running on port 35729
2025-04-30T22:13:45.322+03:00  INFO 54324 --- [BugAndResolution] [restartedMain] o.s.b.w.embedded.tomcat.TomcatWebServer  : Tomcat started on port 8080 (http) with context path '/'
2025-04-30T22:13:45.332+03:00  INFO 54324 --- [BugAndResolution] [restartedMain] c.B.B.BugAndResolutionApplication        : Started BugAndResolutionApplication in 5.95 seconds (process running for 6.464)
2025-04-30T22:14:35.103+03:00  INFO 54324 --- [BugAndResolution] [http-nio-8080-exec-1] o.a.c.c.C.[Tomcat].[localhost].[/]       : Initializing Spring DispatcherServlet 'dispatcherServlet'
2025-04-30T22:14:35.103+03:00  INFO 54324 --- [BugAndResolution] [http-nio-8080-exec-1] o.s.web.servlet.DispatcherServlet        : Initializing Servlet 'dispatcherServlet'
2025-04-30T22:14:35.106+03:00  INFO 54324 --- [BugAndResolution] [http-nio-8080-exec-1] o.s.web.servlet.DispatcherServlet        : Completed initialization in 3 ms
2025-04-30T22:14:35.280+03:00  INFO 54324 --- [BugAndResolution] [http-nio-8080-exec-1] c.B.BugAndResolution.aop.LoggingAspect   : Before The Method Execution
2025-04-30T22:14:35.282+03:00  INFO 54324 --- [BugAndResolution] [http-nio-8080-exec-1] c.B.BugAndResolution.aop.LoggingAspect   : Execution Method: AuthenticatorResponse com.BugAndResolution.BugAndResolution.service.authServices.AuthService.register(RegisterRequest)
2025-04-30T22:14:35.283+03:00  INFO 54324 --- [BugAndResolution] [http-nio-8080-exec-1] c.B.BugAndResolution.aop.LoggingAspect   : Input Argument : RegisterRequest(id=null, username=mo5t, password=12343, email=mkmkfdfldfdk@gmail.com, role=DEVELOPER)
2025-04-30T22:14:35.682+03:00  INFO 54324 --- [BugAndResolution] [http-nio-8080-exec-1] c.B.BugAndResolution.aop.LoggingAspect   : Before The Method Execution
2025-04-30T22:14:35.682+03:00  INFO 54324 --- [BugAndResolution] [http-nio-8080-exec-1] c.B.BugAndResolution.aop.LoggingAspect   : Execution Method: RefreshToken com.BugAndResolution.BugAndResolution.service.authServices.RefreshTokenService.createRefreshToken(String)
2025-04-30T22:14:35.682+03:00  INFO 54324 --- [BugAndResolution] [http-nio-8080-exec-1] c.B.BugAndResolution.aop.LoggingAspect   : Input Argument : mkmkfdfldfdk@gmail.com
2025-04-30T22:14:35.713+03:00  INFO 54324 --- [BugAndResolution] [http-nio-8080-exec-1] c.B.BugAndResolution.aop.LoggingAspect   : ### After Method Execution ###
2025-04-30T22:14:35.714+03:00  INFO 54324 --- [BugAndResolution] [http-nio-8080-exec-1] c.B.BugAndResolution.aop.LoggingAspect   : Executed method: RefreshToken com.BugAndResolution.BugAndResolution.service.authServices.RefreshTokenService.createRefreshToken(String)
2025-04-30T22:14:35.714+03:00  INFO 54324 --- [BugAndResolution] [http-nio-8080-exec-1] c.B.BugAndResolution.aop.LoggingAspect   : Returned value: RefreshToken(id=8, token=83730996-d975-48cb-974f-e214804636c4, expiryDate=2025-05-07T19:14:35.687655517Z, user=User{id=16, name='mo5t', email='mkmkfdfldfdk@gmail.com', password='$2a$10$fwiNUBEea7Avzv/cfe6G5u.00MOBFPFMU2V40cL2WQF2IvApA/7M2', role=DEVELOPER, createdAt=2025-04-30T22:14:35.570377711, bugs=null, comments=null})
2025-04-30T22:14:35.719+03:00  INFO 54324 --- [BugAndResolution] [http-nio-8080-exec-1] c.B.BugAndResolution.aop.LoggingAspect   : Method RefreshToken com.BugAndResolution.BugAndResolution.service.authServices.RefreshTokenService.createRefreshToken(String) executed in 37 ms
2025-04-30T22:14:35.720+03:00  INFO 54324 --- [BugAndResolution] [http-nio-8080-exec-1] c.B.BugAndResolution.aop.LoggingAspect   : ### After Method Execution ###
2025-04-30T22:14:35.721+03:00  INFO 54324 --- [BugAndResolution] [http-nio-8080-exec-1] c.B.BugAndResolution.aop.LoggingAspect   : Executed method: AuthenticatorResponse com.BugAndResolution.BugAndResolution.service.authServices.AuthService.register(RegisterRequest)
2025-04-30T22:14:35.722+03:00  INFO 54324 --- [BugAndResolution] [http-nio-8080-exec-1] c.B.BugAndResolution.aop.LoggingAspect   : Returned value: AuthenticatorResponse(accessToken=eyJ0eXBlIjoiand0IiwiYWxnIjoiSFMyNTYifQ.eyJyb2xlcyI6WyJST0xFX0RFVkVMT1BFUiJdLCJzdWIiOiJta21rZmRmbGRmZGtAZ21haWwuY29tIiwiaWF0IjoxNzQ2MDQwNDc1LCJleHAiOjE3NDYxMjY4NzV9.4o0MrQgQRIllCJi6Wb7XtoOpxDvPQxSFsvuum0-WHyQ, refreshToken=83730996-d975-48cb-974f-e214804636c4, tokenType=Bearer)
2025-04-30T22:14:35.723+03:00  INFO 54324 --- [BugAndResolution] [http-nio-8080-exec-1] c.B.BugAndResolution.aop.LoggingAspect   : Method AuthenticatorResponse com.BugAndResolution.BugAndResolution.service.authServices.AuthService.register(RegisterRequest) executed in 443 ms
2025-04-30T22:15:07.360+03:00  INFO 54324 --- [BugAndResolution] [http-nio-8080-exec-3] c.B.BugAndResolution.aop.LoggingAspect   : Before The Method Execution
2025-04-30T22:15:07.361+03:00  INFO 54324 --- [BugAndResolution] [http-nio-8080-exec-3] c.B.BugAndResolution.aop.LoggingAspect   : Execution Method: AuthenticatorResponse com.BugAndResolution.BugAndResolution.service.authServices.AuthService.authenticate(AuthenticatorRequest)
2025-04-30T22:15:07.361+03:00  INFO 54324 --- [BugAndResolution] [http-nio-8080-exec-3] c.B.BugAndResolution.aop.LoggingAspect   : Input Argument : AuthenticatorRequest(email=mkmkfdfldfdk@gmail.com, password=12343)
2025-04-30T22:15:07.553+03:00  INFO 54324 --- [BugAndResolution] [http-nio-8080-exec-3] c.B.BugAndResolution.aop.LoggingAspect   : Before The Method Execution
2025-04-30T22:15:07.554+03:00  INFO 54324 --- [BugAndResolution] [http-nio-8080-exec-3] c.B.BugAndResolution.aop.LoggingAspect   : Execution Method: RefreshToken com.BugAndResolution.BugAndResolution.service.authServices.RefreshTokenService.createRefreshToken(String)
2025-04-30T22:15:07.554+03:00  INFO 54324 --- [BugAndResolution] [http-nio-8080-exec-3] c.B.BugAndResolution.aop.LoggingAspect   : Input Argument : mkmkfdfldfdk@gmail.com
2025-04-30T22:15:07.579+03:00  INFO 54324 --- [BugAndResolution] [http-nio-8080-exec-3] c.B.BugAndResolution.aop.LoggingAspect   : ### After Method Execution ###
2025-04-30T22:15:07.580+03:00  INFO 54324 --- [BugAndResolution] [http-nio-8080-exec-3] c.B.BugAndResolution.aop.LoggingAspect   : Executed method: RefreshToken com.BugAndResolution.BugAndResolution.service.authServices.RefreshTokenService.createRefreshToken(String)
2025-04-30T22:15:07.580+03:00  INFO 54324 --- [BugAndResolution] [http-nio-8080-exec-3] c.B.BugAndResolution.aop.LoggingAspect   : Returned value: RefreshToken(id=8, token=409c168c-7db4-4f3f-ba1a-035ff92660f3, expiryDate=2025-05-07T19:15:07.557184381Z, user=User{id=16, name='mo5t', email='mkmkfdfldfdk@gmail.com', password='$2a$10$fwiNUBEea7Avzv/cfe6G5u.00MOBFPFMU2V40cL2WQF2IvApA/7M2', role=DEVELOPER, createdAt=2025-04-30T22:14:35.570377, bugs=[], comments=[]})
2025-04-30T22:15:07.587+03:00  INFO 54324 --- [BugAndResolution] [http-nio-8080-exec-3] c.B.BugAndResolution.aop.LoggingAspect   : Method RefreshToken com.BugAndResolution.BugAndResolution.service.authServices.RefreshTokenService.createRefreshToken(String) executed in 34 ms
2025-04-30T22:15:07.588+03:00  INFO 54324 --- [BugAndResolution] [http-nio-8080-exec-3] c.B.BugAndResolution.aop.LoggingAspect   : ### After Method Execution ###
2025-04-30T22:15:07.588+03:00  INFO 54324 --- [BugAndResolution] [http-nio-8080-exec-3] c.B.BugAndResolution.aop.LoggingAspect   : Executed method: AuthenticatorResponse com.BugAndResolution.BugAndResolution.service.authServices.AuthService.authenticate(AuthenticatorRequest)
2025-04-30T22:15:07.588+03:00  INFO 54324 --- [BugAndResolution] [http-nio-8080-exec-3] c.B.BugAndResolution.aop.LoggingAspect   : Returned value: AuthenticatorResponse(accessToken=eyJ0eXBlIjoiand0IiwiYWxnIjoiSFMyNTYifQ.eyJyb2xlcyI6WyJST0xFX0RFVkVMT1BFUiJdLCJzdWIiOiJta21rZmRmbGRmZGtAZ21haWwuY29tIiwiaWF0IjoxNzQ2MDQwNTA3LCJleHAiOjE3NDYxMjY5MDd9.rcRXS3AQOetvlmuvh-_p8wEnVobwgHwNVi1Vxem-Dy8, refreshToken=409c168c-7db4-4f3f-ba1a-035ff92660f3, tokenType=Bearer)
2025-04-30T22:15:07.588+03:00  INFO 54324 --- [BugAndResolution] [http-nio-8080-exec-3] c.B.BugAndResolution.aop.LoggingAspect   : Method AuthenticatorResponse com.BugAndResolution.BugAndResolution.service.authServices.AuthService.authenticate(AuthenticatorRequest) executed in 228 ms
